<?xml version="1.0" encoding="UTF-8"?>
<testsuites>
  <testsuite name="PHP Algorithms Test Suite" tests="5" assertions="7" failures="0" errors="0" time="0.045632">
    <testsuite name="BasicDBTest" file="/Users/mtkocak/Working/basicDB/tests/BasicDBTest.php" tests="5" assertions="7" failures="0" errors="0" time="0.045632">
      <testcase name="testDataBaseConnection" class="BasicDBTest" file="/Users/mtkocak/Working/basicDB/tests/BasicDBTest.php" line="51" assertions="1" time="0.023535"/>
      <testcase name="testSelect" class="BasicDBTest" file="/Users/mtkocak/Working/basicDB/tests/BasicDBTest.php" line="80" assertions="1" time="0.005004"/>
      <testcase name="testPagination" class="BasicDBTest" file="/Users/mtkocak/Working/basicDB/tests/BasicDBTest.php" line="88" assertions="1" time="0.005289"/>
      <testcase name="testUpdate" class="BasicDBTest" file="/Users/mtkocak/Working/basicDB/tests/BasicDBTest.php" line="110" assertions="1" time="0.004948"/>
      <testcase name="testDelete" class="BasicDBTest" file="/Users/mtkocak/Working/basicDB/tests/BasicDBTest.php" line="121" assertions="3" time="0.006856"/>
    </testsuite>
  </testsuite>
</testsuites>
